<?xml version="1.0" encoding="UTF-8"?>
<!-- Generated by org.testng.reporters.JUnitXMLReporter -->
<testsuite ignored="0" hostname="MacBook-Air-de-juan-26591.local" failures="0" tests="4" name="Default test" time="18.712" errors="0" timestamp="2022-10-31T15:32:17 ART">
  <testcase classname="MercadoLibre" name="loadPage" time="3.195"/>
  <testcase classname="MercadoLibre" name="login" time="0.004"/>
  <testcase classname="MercadoLibre" name="searchProduct" time="12.963"/>
  <testcase classname="MercadoLibre" name="finishTest" time="0.177"/>
</testsuite> <!-- Default test -->
