<?xml version="1.0" encoding="UTF-8"?>
<testng-results ignored="0" total="4" passed="4" failed="0" skipped="0">
  <reporter-output>
  </reporter-output>
  <suite started-at="2022-10-31T15:31:59 ART" name="Default suite" finished-at="2022-10-31T15:32:17 ART" duration-ms="18712">
    <groups>
    </groups>
    <test started-at="2022-10-31T15:31:59 ART" name="Default test" finished-at="2022-10-31T15:32:17 ART" duration-ms="18712">
      <class name="MercadoLibre">
        <test-method is-config="true" signature="launchBrowser()[pri:0, instance:MercadoLibre@6295d394]" started-at="2022-10-31T15:31:59 ART" name="launchBrowser" finished-at="2022-10-31T15:32:01 ART" duration-ms="2307" status="PASS">
          <reporter-output>
          </reporter-output>
        </test-method> <!-- launchBrowser -->
        <test-method signature="loadPage()[pri:1, instance:MercadoLibre@6295d394]" started-at="2022-10-31T15:32:01 ART" name="loadPage" finished-at="2022-10-31T15:32:04 ART" duration-ms="3195" status="PASS">
          <reporter-output>
          </reporter-output>
        </test-method> <!-- loadPage -->
        <test-method signature="login()[pri:2, instance:MercadoLibre@6295d394]" started-at="2022-10-31T15:32:04 ART" name="login" finished-at="2022-10-31T15:32:04 ART" duration-ms="4" status="PASS">
          <reporter-output>
          </reporter-output>
        </test-method> <!-- login -->
        <test-method signature="searchProduct()[pri:3, instance:MercadoLibre@6295d394]" started-at="2022-10-31T15:32:04 ART" name="searchProduct" finished-at="2022-10-31T15:32:17 ART" duration-ms="12963" status="PASS">
          <reporter-output>
          </reporter-output>
        </test-method> <!-- searchProduct -->
        <test-method signature="finishTest()[pri:4, instance:MercadoLibre@6295d394]" started-at="2022-10-31T15:32:17 ART" name="finishTest" finished-at="2022-10-31T15:32:17 ART" duration-ms="177" status="PASS">
          <reporter-output>
          </reporter-output>
        </test-method> <!-- finishTest -->
      </class> <!-- MercadoLibre -->
    </test> <!-- Default test -->
  </suite> <!-- Default suite -->
</testng-results>
