<?xml version="1.0" encoding="UTF-8"?>
<!-- Generated by org.testng.reporters.JUnitXMLReporter -->
<testsuite ignored="1" hostname="RAGENTILW10" failures="0" tests="3" name="Default test" time="19.109" errors="0" timestamp="16 nov 2022 21:37:12 GMT">
  <testcase classname="docker.DockerLogin" name="loadPage" time="6.084"/>
  <testcase classname="docker.DockerLogin" name="login" time="8.159"/>
  <testcase classname="docker.DockerLogin" name="findMySql" time="2.112"/>
  <testcase classname="docker.DockerLogin" name="finishTest" time="0.0">
    <ignored/>
  </testcase> <!-- finishTest -->
</testsuite> <!-- Default test -->
