<?xml version="1.0" encoding="UTF-8"?>
<!-- Generated by org.testng.reporters.JUnitXMLReporter -->
<testsuite ignored="1" hostname="RAGENTILW10" failures="0" tests="3" name="Default test" time="14.199" errors="0" timestamp="13 nov 2022 14:21:56 GMT">
  <testcase classname="docker.DockerLogin" name="loadPage" time="4.317"/>
  <testcase classname="docker.DockerLogin" name="login" time="5.96"/>
  <testcase classname="docker.DockerLogin" name="findMySql" time="1.999"/>
  <testcase classname="docker.DockerLogin" name="finishTest" time="0.0">
    <ignored/>
  </testcase> <!-- finishTest -->
</testsuite> <!-- Default test -->
