<?xml version="1.0" encoding="UTF-8"?>
<testng-results ignored="1" total="4" passed="3" failed="0" skipped="0">
  <reporter-output>
  </reporter-output>
  <suite started-at="2022-11-16T21:36:53Z" name="Default suite" finished-at="2022-11-16T21:37:12Z" duration-ms="19109">
    <groups>
    </groups>
    <test started-at="2022-11-16T21:36:53Z" name="Default test" finished-at="2022-11-16T21:37:12Z" duration-ms="19109">
      <class name="docker.DockerLogin">
        <test-method is-config="true" signature="launchBrowser()[pri:0, instance:docker.DockerLogin@71e693fa]" started-at="2022-11-16T21:36:53Z" name="launchBrowser" finished-at="2022-11-16T21:36:56Z" duration-ms="2730" status="PASS">
          <reporter-output>
          </reporter-output>
        </test-method> <!-- launchBrowser -->
        <test-method signature="loadPage()[pri:1, instance:docker.DockerLogin@71e693fa]" started-at="2022-11-16T21:36:56Z" name="loadPage" finished-at="2022-11-16T21:37:02Z" duration-ms="6084" status="PASS">
          <reporter-output>
          </reporter-output>
        </test-method> <!-- loadPage -->
        <test-method signature="login()[pri:2, instance:docker.DockerLogin@71e693fa]" started-at="2022-11-16T21:37:02Z" name="login" finished-at="2022-11-16T21:37:10Z" duration-ms="8159" status="PASS">
          <reporter-output>
          </reporter-output>
        </test-method> <!-- login -->
        <test-method signature="findMySql()[pri:3, instance:docker.DockerLogin@71e693fa]" started-at="2022-11-16T21:37:10Z" name="findMySql" finished-at="2022-11-16T21:37:12Z" duration-ms="2112" status="PASS">
          <reporter-output>
          </reporter-output>
        </test-method> <!-- findMySql -->
      </class> <!-- docker.DockerLogin -->
    </test> <!-- Default test -->
  </suite> <!-- Default suite -->
</testng-results>
