<?xml version="1.0" encoding="UTF-8"?>
<testng-results ignored="1" total="4" passed="3" failed="0" skipped="0">
  <reporter-output>
  </reporter-output>
  <suite started-at="2022-11-13T14:21:41Z" name="Default suite" finished-at="2022-11-13T14:21:56Z" duration-ms="14199">
    <groups>
    </groups>
    <test started-at="2022-11-13T14:21:41Z" name="Default test" finished-at="2022-11-13T14:21:56Z" duration-ms="14199">
      <class name="docker.DockerLogin">
        <test-method is-config="true" signature="launchBrowser()[pri:0, instance:docker.DockerLogin@3e74829]" started-at="2022-11-13T14:21:41Z" name="launchBrowser" finished-at="2022-11-13T14:21:43Z" duration-ms="1887" status="PASS">
          <reporter-output>
          </reporter-output>
        </test-method> <!-- launchBrowser -->
        <test-method signature="loadPage()[pri:1, instance:docker.DockerLogin@3e74829]" started-at="2022-11-13T14:21:43Z" name="loadPage" finished-at="2022-11-13T14:21:48Z" duration-ms="4317" status="PASS">
          <reporter-output>
          </reporter-output>
        </test-method> <!-- loadPage -->
        <test-method signature="login()[pri:2, instance:docker.DockerLogin@3e74829]" started-at="2022-11-13T14:21:48Z" name="login" finished-at="2022-11-13T14:21:54Z" duration-ms="5960" status="PASS">
          <reporter-output>
          </reporter-output>
        </test-method> <!-- login -->
        <test-method signature="findMySql()[pri:3, instance:docker.DockerLogin@3e74829]" started-at="2022-11-13T14:21:54Z" name="findMySql" finished-at="2022-11-13T14:21:56Z" duration-ms="1999" status="PASS">
          <reporter-output>
          </reporter-output>
        </test-method> <!-- findMySql -->
      </class> <!-- docker.DockerLogin -->
    </test> <!-- Default test -->
  </suite> <!-- Default suite -->
</testng-results>
